#
# There is insufficient memory for the Java Runtime Environment to continue.
# Native memory allocation (malloc) failed to allocate 478256 bytes for Chunk::new
# Possible reasons:
#   The system is out of physical RAM or swap space
#   In 32 bit mode, the process size limit was hit
# Possible solutions:
#   Reduce memory load on the system
#   Increase physical memory or swap space
#   Check if swap backing store is full
#   Use 64 bit Java on a 64 bit OS
#   Decrease Java heap size (-Xmx/-Xms)
#   Decrease number of Java threads
#   Decrease Java thread stack sizes (-Xss)
#   Set larger code cache with -XX:ReservedCodeCacheSize=
# This output file may be truncated or incomplete.
#
#  Out of Memory Error (allocation.cpp:390), pid=3588, tid=0x0000000000001a54
#
# JRE version: Java(TM) SE Runtime Environment (8.0_161-b12) (build 1.8.0_161-b12)
# Java VM: Java HotSpot(TM) 64-Bit Server VM (25.161-b12 mixed mode windows-amd64 compressed oops)
# Failed to write core dump. Minidumps are not enabled by default on client versions of Windows
#

---------------  T H R E A D  ---------------

Current thread (0x000000001498f800):  JavaThread "C2 CompilerThread0" daemon [_thread_in_native, id=6740, stack(0x0000000015fe0000,0x00000000160e0000)]

Stack: [0x0000000015fe0000,0x00000000160e0000]
[error occurred during error reporting (printing stack bounds), id 0xc0000005]

Native frames: (J=compiled Java code, j=interpreted, Vv=VM code, C=native code)


Current CompileTask:
C2:   3850 1596       4       com.android.dx.ssa.SsaRenamer$BlockRenamer::process (191 bytes)


---------------  P R O C E S S  ---------------

Java Threads: ( => current thread )
  0x000000001647f000 JavaThread "pool-1-thread-4" [_thread_blocked, id=228, stack(0x0000000016ce0000,0x0000000016de0000)]
  0x000000001647d800 JavaThread "pool-1-thread-3" [_thread_in_Java, id=5340, stack(0x0000000016be0000,0x0000000016ce0000)]
  0x000000001647c800 JavaThread "pool-1-thread-2" [_thread_in_Java, id=5124, stack(0x0000000016ae0000,0x0000000016be0000)]
  0x0000000016478800 JavaThread "pool-2-thread-1" [_thread_blocked, id=11288, stack(0x00000000169e0000,0x0000000016ae0000)]
  0x0000000016476000 JavaThread "pool-1-thread-1" [_thread_blocked, id=3252, stack(0x00000000168e0000,0x00000000169e0000)]
  0x0000000016209800 JavaThread "Service Thread" daemon [_thread_blocked, id=10896, stack(0x00000000166e0000,0x00000000167e0000)]
  0x00000000161f5800 JavaThread "C1 CompilerThread2" daemon [_thread_blocked, id=2876, stack(0x00000000165e0000,0x00000000166e0000)]
  0x00000000149dd000 JavaThread "C2 CompilerThread1" daemon [_thread_in_native, id=2704, stack(0x00000000160e0000,0x00000000161e0000)]
=>0x000000001498f800 JavaThread "C2 CompilerThread0" daemon [_thread_in_native, id=6740, stack(0x0000000015fe0000,0x00000000160e0000)]
  0x000000001498d000 JavaThread "Attach Listener" daemon [_thread_blocked, id=12088, stack(0x0000000015ee0000,0x0000000015fe0000)]
  0x000000001498b800 JavaThread "Signal Dispatcher" daemon [_thread_blocked, id=5720, stack(0x0000000015de0000,0x0000000015ee0000)]
  0x00000000022bc000 JavaThread "Finalizer" daemon [_thread_blocked, id=10176, stack(0x0000000015bf0000,0x0000000015cf0000)]
  0x00000000022b1800 JavaThread "Reference Handler" daemon [_thread_blocked, id=8492, stack(0x0000000015af0000,0x0000000015bf0000)]
  0x00000000021c2800 JavaThread "main" [_thread_blocked, id=8616, stack(0x00000000020c0000,0x00000000021c0000)]

Other Threads:
  0x0000000014957000 VMThread [stack: 0x00000000159f0000,0x0000000015af0000] [id=3056]
  0x000000001620a800 WatcherThread [stack: 0x00000000167e0000,0x00000000168e0000] [id=11732]

VM state:not at safepoint (normal execution)

VM Mutex/Monitor currently owned by a thread: None

Heap:
 PSYoungGen      total 28160K, used 5817K [0x00000000eab00000, 0x00000000eca00000, 0x0000000100000000)
  eden space 24576K, 9% used [0x00000000eab00000,0x00000000ead36280,0x00000000ec300000)
  from space 3584K, 99% used [0x00000000ec680000,0x00000000ec9f8550,0x00000000eca00000)
  to   space 3584K, 0% used [0x00000000ec300000,0x00000000ec300000,0x00000000ec680000)
 ParOldGen       total 64512K, used 13059K [0x00000000c0000000, 0x00000000c3f00000, 0x00000000eab00000)
  object space 64512K, 20% used [0x00000000c0000000,0x00000000c0cc0c08,0x00000000c3f00000)
 Metaspace       used 6453K, capacity 7192K, committed 7424K, reserved 1056768K
  class space    used 638K, capacity 656K, committed 768K, reserved 1048576K

Card table byte_map: [0x0000000011680000,0x0000000011890000] byte_map_base: 0x0000000011080000

Marking Bits: (ParMarkBitMap*) 0x000000006697f860
 Begin Bits: [0x0000000011df0000, 0x0000000012df0000)
 End Bits:   [0x0000000012df0000, 0x0000000013df0000)

Polling page: 0x0000000001f80000

CodeCache: size=245760Kb used=6665Kb max_used=6665Kb free=239094Kb
 bounds [0x00000000022c0000, 0x0000000002950000, 0x00000000112c0000]
 total_blobs=1888 nmethods=1617 adapters=182
 compilation: enabled

Compilation events (10 events):
Event: 3.638 Thread 0x00000000161f5800 nmethod 1639 0x0000000002929410 code [0x00000000029295a0, 0x0000000002929938]
Event: 3.688 Thread 0x00000000161f5800 1640  s    2       com.android.dx.dex.file.StringIdsSection::intern (53 bytes)
Event: 3.689 Thread 0x00000000161f5800 nmethod 1640 0x0000000002931c50 code [0x0000000002931e00, 0x0000000002932358]
Event: 3.690 Thread 0x00000000161f5800 1641       2       com.android.dx.dex.file.DexFile::internIfAppropriate (128 bytes)
Event: 3.691 Thread 0x00000000161f5800 nmethod 1641 0x0000000002930e50 code [0x0000000002931060, 0x00000000029317f8]
Event: 3.725 Thread 0x00000000161f5800 1642       2       com.android.dx.rop.code.Rops::opConv (231 bytes)
Event: 3.727 Thread 0x00000000161f5800 nmethod 1642 0x000000000292f310 code [0x000000000292f5a0, 0x0000000002930138]
Event: 3.747 Thread 0x00000000161f5800 1643       2       com.android.dx.dex.cf.CfTranslator::translate0 (259 bytes)
Event: 3.750 Thread 0x00000000161f5800 nmethod 1643 0x000000000292ce10 code [0x000000000292d100, 0x000000000292ded8]
Event: 3.846 Thread 0x00000000161f5800 1645       1       java.util.zip.ZipEntry::getName (5 bytes)

GC Heap History (8 events):
Event: 1.778 GC heap before
{Heap before GC invocations=1 (full 0):
 PSYoungGen      total 28160K, used 24576K [0x00000000eab00000, 0x00000000eca00000, 0x0000000100000000)
  eden space 24576K, 100% used [0x00000000eab00000,0x00000000ec300000,0x00000000ec300000)
  from space 3584K, 0% used [0x00000000ec680000,0x00000000ec680000,0x00000000eca00000)
  to   space 3584K, 0% used [0x00000000ec300000,0x00000000ec300000,0x00000000ec680000)
 ParOldGen       total 64512K, used 0K [0x00000000c0000000, 0x00000000c3f00000, 0x00000000eab00000)
  object space 64512K, 0% used [0x00000000c0000000,0x00000000c0000000,0x00000000c3f00000)
 Metaspace       used 6069K, capacity 6936K, committed 7168K, reserved 1056768K
  class space    used 618K, capacity 656K, committed 768K, reserved 1048576K
Event: 1.797 GC heap after
Heap after GC invocations=1 (full 0):
 PSYoungGen      total 28160K, used 3578K [0x00000000eab00000, 0x00000000eca00000, 0x0000000100000000)
  eden space 24576K, 0% used [0x00000000eab00000,0x00000000eab00000,0x00000000ec300000)
  from space 3584K, 99% used [0x00000000ec300000,0x00000000ec67e8f0,0x00000000ec680000)
  to   space 3584K, 0% used [0x00000000ec680000,0x00000000ec680000,0x00000000eca00000)
 ParOldGen       total 64512K, used 2449K [0x00000000c0000000, 0x00000000c3f00000, 0x00000000eab00000)
  object space 64512K, 3% used [0x00000000c0000000,0x00000000c0264750,0x00000000c3f00000)
 Metaspace       used 6069K, capacity 6936K, committed 7168K, reserved 1056768K
  class space    used 618K, capacity 656K, committed 768K, reserved 1048576K
}
Event: 2.474 GC heap before
{Heap before GC invocations=2 (full 0):
 PSYoungGen      total 28160K, used 28154K [0x00000000eab00000, 0x00000000eca00000, 0x0000000100000000)
  eden space 24576K, 100% used [0x00000000eab00000,0x00000000ec300000,0x00000000ec300000)
  from space 3584K, 99% used [0x00000000ec300000,0x00000000ec67e8f0,0x00000000ec680000)
  to   space 3584K, 0% used [0x00000000ec680000,0x00000000ec680000,0x00000000eca00000)
 ParOldGen       total 64512K, used 2449K [0x00000000c0000000, 0x00000000c3f00000, 0x00000000eab00000)
  object space 64512K, 3% used [0x00000000c0000000,0x00000000c0264750,0x00000000c3f00000)
 Metaspace       used 6242K, capacity 7064K, committed 7424K, reserved 1056768K
  class space    used 618K, capacity 656K, committed 768K, reserved 1048576K
Event: 2.542 GC heap after
Heap after GC invocations=2 (full 0):
 PSYoungGen      total 28160K, used 3574K [0x00000000eab00000, 0x00000000eca00000, 0x0000000100000000)
  eden space 24576K, 0% used [0x00000000eab00000,0x00000000eab00000,0x00000000ec300000)
  from space 3584K, 99% used [0x00000000ec680000,0x00000000ec9fd9d8,0x00000000eca00000)
  to   space 3584K, 0% used [0x00000000ec300000,0x00000000ec300000,0x00000000ec680000)
 ParOldGen       total 64512K, used 5980K [0x00000000c0000000, 0x00000000c3f00000, 0x00000000eab00000)
  object space 64512K, 9% used [0x00000000c0000000,0x00000000c05d72f0,0x00000000c3f00000)
 Metaspace       used 6242K, capacity 7064K, committed 7424K, reserved 1056768K
  class space    used 618K, capacity 656K, committed 768K, reserved 1048576K
}
Event: 3.059 GC heap before
{Heap before GC invocations=3 (full 0):
 PSYoungGen      total 28160K, used 28150K [0x00000000eab00000, 0x00000000eca00000, 0x0000000100000000)
  eden space 24576K, 100% used [0x00000000eab00000,0x00000000ec300000,0x00000000ec300000)
  from space 3584K, 99% used [0x00000000ec680000,0x00000000ec9fd9d8,0x00000000eca00000)
  to   space 3584K, 0% used [0x00000000ec300000,0x00000000ec300000,0x00000000ec680000)
 ParOldGen       total 64512K, used 5980K [0x00000000c0000000, 0x00000000c3f00000, 0x00000000eab00000)
  object space 64512K, 9% used [0x00000000c0000000,0x00000000c05d72f0,0x00000000c3f00000)
 Metaspace       used 6341K, capacity 7128K, committed 7424K, reserved 1056768K
  class space    used 630K, capacity 656K, committed 768K, reserved 1048576K
Event: 3.110 GC heap after
Heap after GC invocations=3 (full 0):
 PSYoungGen      total 28160K, used 3558K [0x00000000eab00000, 0x00000000eca00000, 0x0000000100000000)
  eden space 24576K, 0% used [0x00000000eab00000,0x00000000eab00000,0x00000000ec300000)
  from space 3584K, 99% used [0x00000000ec300000,0x00000000ec6799e8,0x00000000ec680000)
  to   space 3584K, 0% used [0x00000000ec680000,0x00000000ec680000,0x00000000eca00000)
 ParOldGen       total 64512K, used 9115K [0x00000000c0000000, 0x00000000c3f00000, 0x00000000eab00000)
  object space 64512K, 14% used [0x00000000c0000000,0x00000000c08e6c20,0x00000000c3f00000)
 Metaspace       used 6341K, capacity 7128K, committed 7424K, reserved 1056768K
  class space    used 630K, capacity 656K, committed 768K, reserved 1048576K
}
Event: 3.760 GC heap before
{Heap before GC invocations=4 (full 0):
 PSYoungGen      total 28160K, used 28134K [0x00000000eab00000, 0x00000000eca00000, 0x0000000100000000)
  eden space 24576K, 100% used [0x00000000eab00000,0x00000000ec300000,0x00000000ec300000)
  from space 3584K, 99% used [0x00000000ec300000,0x00000000ec6799e8,0x00000000ec680000)
  to   space 3584K, 0% used [0x00000000ec680000,0x00000000ec680000,0x00000000eca00000)
 ParOldGen       total 64512K, used 9115K [0x00000000c0000000, 0x00000000c3f00000, 0x00000000eab00000)
  object space 64512K, 14% used [0x00000000c0000000,0x00000000c08e6c20,0x00000000c3f00000)
 Metaspace       used 6453K, capacity 7192K, committed 7424K, reserved 1056768K
  class space    used 638K, capacity 656K, committed 768K, reserved 1048576K
Event: 3.837 GC heap after
Heap after GC invocations=4 (full 0):
 PSYoungGen      total 28160K, used 3553K [0x00000000eab00000, 0x00000000eca00000, 0x0000000100000000)
  eden space 24576K, 0% used [0x00000000eab00000,0x00000000eab00000,0x00000000ec300000)
  from space 3584K, 99% used [0x00000000ec680000,0x00000000ec9f8550,0x00000000eca00000)
  to   space 3584K, 0% used [0x00000000ec300000,0x00000000ec300000,0x00000000ec680000)
 ParOldGen       total 64512K, used 13059K [0x00000000c0000000, 0x00000000c3f00000, 0x00000000eab00000)
  object space 64512K, 20% used [0x00000000c0000000,0x00000000c0cc0c08,0x00000000c3f00000)
 Metaspace       used 6453K, capacity 7192K, committed 7424K, reserved 1056768K
  class space    used 638K, capacity 656K, committed 768K, reserved 1048576K
}

Deoptimization events (10 events):
Event: 2.798 Thread 0x00000000021c2800 Uncommon trap: reason=unstable_if action=reinterpret pc=0x000000000282df0c method=java.util.HashMap.putVal(ILjava/lang/Object;Ljava/lang/Object;ZZ)Ljava/lang/Object; @ 162
Event: 2.803 Thread 0x00000000021c2800 Uncommon trap: reason=unstable_if action=reinterpret pc=0x00000000024e73d0 method=java.util.HashMap.getNode(ILjava/lang/Object;)Ljava/util/HashMap$Node; @ 84
Event: 2.803 Thread 0x00000000021c2800 Uncommon trap: reason=unstable_if action=reinterpret pc=0x0000000002563998 method=java.util.HashMap.getNode(ILjava/lang/Object;)Ljava/util/HashMap$Node; @ 84
Event: 2.955 Thread 0x000000001647d800 Uncommon trap: reason=unstable_if action=reinterpret pc=0x000000000270f2dc method=com.android.dx.ssa.SsaMethod.updateOneDefinition(Lcom/android/dx/ssa/SsaInsn;Lcom/android/dx/rop/code/RegisterSpec;)V @ 4
Event: 3.111 Thread 0x000000001647d800 Uncommon trap: reason=bimorphic action=maybe_recompile pc=0x000000000281cc70 method=com.android.dx.cf.code.BytecodeArray.parseInstruction(ILcom/android/dx/cf/code/BytecodeArray$Visitor;)I @ 1287
Event: 3.112 Thread 0x000000001647d800 Uncommon trap: reason=bimorphic action=maybe_recompile pc=0x000000000281cc70 method=com.android.dx.cf.code.BytecodeArray.parseInstruction(ILcom/android/dx/cf/code/BytecodeArray$Visitor;)I @ 1287
Event: 3.205 Thread 0x0000000016476000 Uncommon trap: reason=unstable_if action=reinterpret pc=0x000000000289b994 method=java.util.HashMap.putVal(ILjava/lang/Object;Ljava/lang/Object;ZZ)Ljava/lang/Object; @ 162
Event: 3.284 Thread 0x000000001647f000 Uncommon trap: reason=unstable_if action=reinterpret pc=0x00000000028761d4 method=com.android.dx.rop.code.RegisterSpecSet.localItemToSpec(Lcom/android/dx/rop/code/LocalItem;)Lcom/android/dx/rop/code/RegisterSpec; @ 35
Event: 3.296 Thread 0x000000001647f000 Uncommon trap: reason=unstable_if action=reinterpret pc=0x0000000002815340 method=com.android.dx.rop.code.RegisterSpecSet.localItemToSpec(Lcom/android/dx/rop/code/LocalItem;)Lcom/android/dx/rop/code/RegisterSpec; @ 35
Event: 3.461 Thread 0x000000001647f000 Uncommon trap: reason=unstable_if action=reinterpret pc=0x00000000029134c0 method=com.android.dx.ssa.SCCP.simulateStmt(Lcom/android/dx/ssa/SsaInsn;)V @ 59

Classes redefined (0 events):
No events

Internal exceptions (5 events):
Event: 0.068 Thread 0x00000000021c2800 Exception <a 'java/lang/NoSuchMethodError': Method sun.misc.Unsafe.defineClass(Ljava/lang/String;[BII)Ljava/lang/Class; name or signature does not match> (0x00000000eab07ca0) thrown at [C:\re\workspace\8-2-build-windows-amd64-cygwin\jdk8u161\10277\hotspot
Event: 0.068 Thread 0x00000000021c2800 Exception <a 'java/lang/NoSuchMethodError': Method sun.misc.Unsafe.prefetchRead(Ljava/lang/Object;J)V name or signature does not match> (0x00000000eab07f88) thrown at [C:\re\workspace\8-2-build-windows-amd64-cygwin\jdk8u161\10277\hotspot\src\share\vm\prim
Event: 2.802 Thread 0x00000000021c2800 Exception <a 'java/lang/ArrayIndexOutOfBoundsException': 18> (0x00000000ebbdfef8) thrown at [C:\re\workspace\8-2-build-windows-amd64-cygwin\jdk8u161\10277\hotspot\src\share\vm\interpreter\interpreterRuntime.cpp, line 366]
Event: 3.206 Thread 0x0000000016476000 Exception <a 'java/lang/ArrayIndexOutOfBoundsException': 145> (0x00000000eafc2420) thrown at [C:\re\workspace\8-2-build-windows-amd64-cygwin\jdk8u161\10277\hotspot\src\share\vm\interpreter\interpreterRuntime.cpp, line 366]
Event: 3.207 Thread 0x0000000016476000 Exception <a 'java/lang/ArrayIndexOutOfBoundsException'> (0x00000000eafc3708) thrown at [C:\re\workspace\8-2-build-windows-amd64-cygwin\jdk8u161\10277\hotspot\src\share\vm\runtime\sharedRuntime.cpp, line 605]

Events (10 events):
Event: 3.284 Thread 0x000000001647f000 DEOPT PACKING pc=0x00000000028761d4 sp=0x0000000016ddece0
Event: 3.284 Thread 0x000000001647f000 DEOPT UNPACKING pc=0x000000000230583b sp=0x0000000016ddec48 mode 2
Event: 3.296 Thread 0x000000001647f000 Uncommon trap: trap_request=0xffffff65 fr.pc=0x0000000002815340
Event: 3.297 Thread 0x000000001647f000 DEOPT PACKING pc=0x0000000002815340 sp=0x0000000016ddeb60
Event: 3.297 Thread 0x000000001647f000 DEOPT UNPACKING pc=0x000000000230583b sp=0x0000000016ddeb00 mode 2
Event: 3.461 Thread 0x000000001647f000 Uncommon trap: trap_request=0xffffff65 fr.pc=0x00000000029134c0
Event: 3.461 Thread 0x000000001647f000 DEOPT PACKING pc=0x00000000029134c0 sp=0x0000000016ddeae0
Event: 3.461 Thread 0x000000001647f000 DEOPT UNPACKING pc=0x000000000230583b sp=0x0000000016ddeb18 mode 2
Event: 3.755 Executing VM operation: ParallelGCFailedAllocation
Event: 3.837 Executing VM operation: ParallelGCFailedAllocation done


Dynamic libraries:
0x00007ff691cb0000 - 0x00007ff691ce7000 	C:\Program Files\Java\jdk1.8.0_161\bin\java.exe
0x00007ffce2740000 - 0x00007ffce2911000 	C:\Windows\SYSTEM32\ntdll.dll
0x00007ffce12e0000 - 0x00007ffce138b000 	C:\Windows\System32\KERNEL32.DLL
0x00007ffcdf8b0000 - 0x00007ffcdfacd000 	C:\Windows\System32\KERNELBASE.dll
0x00007ffce1ac0000 - 0x00007ffce1b62000 	C:\Windows\System32\ADVAPI32.dll
0x00007ffce1390000 - 0x00007ffce142e000 	C:\Windows\System32\msvcrt.dll
0x00007ffce25e0000 - 0x00007ffce2639000 	C:\Windows\System32\sechost.dll
0x00007ffce1d30000 - 0x00007ffce1e51000 	C:\Windows\System32\RPCRT4.dll
0x00007ffce2070000 - 0x00007ffce21d5000 	C:\Windows\System32\USER32.dll
0x00007ffcdeea0000 - 0x00007ffcdeebe000 	C:\Windows\System32\win32u.dll
0x00007ffce25a0000 - 0x00007ffce25d4000 	C:\Windows\System32\GDI32.dll
0x00007ffcdfb40000 - 0x00007ffcdfcc2000 	C:\Windows\System32\gdi32full.dll
0x00007ffcd1700000 - 0x00007ffcd1979000 	C:\Windows\WinSxS\amd64_microsoft.windows.common-controls_6595b64144ccf1df_6.0.14393.0_none_2d0f50fcbdb171b8\COMCTL32.dll
0x00007ffce22d0000 - 0x00007ffce2597000 	C:\Windows\System32\combase.dll
0x00007ffcdeec0000 - 0x00007ffcdefb5000 	C:\Windows\System32\ucrtbase.dll
0x00007ffcdfad0000 - 0x00007ffcdfb3a000 	C:\Windows\System32\bcryptPrimitives.dll
0x00007ffce1600000 - 0x00007ffce162e000 	C:\Windows\System32\IMM32.DLL
0x0000000066a00000 - 0x0000000066ad2000 	C:\Program Files\Java\jdk1.8.0_161\jre\bin\msvcr100.dll
0x0000000066160000 - 0x00000000669ff000 	C:\Program Files\Java\jdk1.8.0_161\jre\bin\server\jvm.dll
0x00007ffce1430000 - 0x00007ffce1438000 	C:\Windows\System32\PSAPI.DLL
0x00007ffcd88e0000 - 0x00007ffcd88e9000 	C:\Windows\SYSTEM32\WSOCK32.dll
0x00007ffce21f0000 - 0x00007ffce225a000 	C:\Windows\System32\WS2_32.dll
0x00007ffcdd100000 - 0x00007ffcdd123000 	C:\Windows\SYSTEM32\WINMM.dll
0x00007ffcd7bc0000 - 0x00007ffcd7bca000 	C:\Windows\SYSTEM32\VERSION.dll
0x00007ffcdcf90000 - 0x00007ffcdcfbb000 	C:\Windows\SYSTEM32\WINMMBASE.dll
0x00007ffcdf7b0000 - 0x00007ffcdf7f2000 	C:\Windows\System32\cfgmgr32.dll
0x0000000066150000 - 0x000000006615f000 	C:\Program Files\Java\jdk1.8.0_161\jre\bin\verify.dll
0x0000000066120000 - 0x0000000066149000 	C:\Program Files\Java\jdk1.8.0_161\jre\bin\java.dll
0x0000000066100000 - 0x0000000066116000 	C:\Program Files\Java\jdk1.8.0_161\jre\bin\zip.dll
0x00007ffcdfcd0000 - 0x00007ffce11d8000 	C:\Windows\System32\SHELL32.dll
0x00007ffcdf0d0000 - 0x00007ffcdf7aa000 	C:\Windows\System32\windows.storage.dll
0x00007ffcdec40000 - 0x00007ffcdec8c000 	C:\Windows\System32\powrprof.dll
0x00007ffce1630000 - 0x00007ffce1682000 	C:\Windows\System32\shlwapi.dll
0x00007ffcdec90000 - 0x00007ffcdec9f000 	C:\Windows\System32\kernel.appcore.dll
0x00007ffcdf020000 - 0x00007ffcdf0c9000 	C:\Windows\System32\shcore.dll
0x00007ffcdeca0000 - 0x00007ffcdecb4000 	C:\Windows\System32\profapi.dll

VM Arguments:
jvm_args: -Djava.awt.headless=true -Xmx1024M -Dfile.encoding=windows-1252 -Duser.country=US -Duser.language=en -Duser.variant 
java_command: com.android.dx.command.Main --dex --num-threads=4 --output C:\Users\Admin\Desktop\TGDD-Project\MyApp\android\app\build\intermediates\pre-dexed\debug\com.android.support-support-v4-23.0.1_1a8c17e5d1dc3941a1ff7f654be7a28b12527278.jar C:\Users\Admin\Desktop\TGDD-Project\MyApp\android\app\build\intermediates\exploded-aar\com.android.support\support-v4\23.0.1\jars\classes.jar
java_class_path (initial): C:\Users\Admin\AppData\Local\Android\Sdk\build-tools\23.0.1\lib\dx.jar
Launcher Type: SUN_STANDARD

Environment Variables:
JAVA_HOME=C:\Program Files\Java\jdk1.8.0_161
CLASSPATH=C:\Users\Admin\Desktop\TGDD-Project\MyApp\android\\gradle\wrapper\gradle-wrapper.jar
PATH=C:\Python27\;C:\Python27\Scripts;C:\Program Files (x86)\Common Files\Oracle\Java\javapath;C:\ProgramData\Oracle\Java\javapath;C:\Windows\system32;C:\Windows;C:\Windows\System32\Wbem;C:\Windows\System32\WindowsPowerShell\v1.0\;C:\Program Files\nodejs\;C:\Program Files\Git\cmd;C:\ProgramData\chocolatey\bin;C:\Program Files\Java\jdk1.8.0_172\bin;C:\Users\Admin\AppData\Local\Android\Sdk\platform-tools;C:\Program Files (x86)\Yarn\bin\;C:\Program Files\Microsoft VS Code\bin;C:\Users\Admin\AppData\Local\Microsoft\WindowsApps;;C:\Program Files\Microsoft VS Code\bin;C:\Users\Admin\AppData\Roaming\npm;C:\Users\Admin\AppData\Local\Yarn\bin
USERNAME=Admin
OS=Windows_NT
PROCESSOR_IDENTIFIER=Intel64 Family 6 Model 37 Stepping 5, GenuineIntel



---------------  S Y S T E M  ---------------

OS: Windows 10.0 , 64 bit Build 14393 (10.0.14393.0)

CPU:total 4 (initial active 4) (2 cores per cpu, 2 threads per core) family 6 model 37 stepping 5, cmov, cx8, fxsr, mmx, sse, sse2, sse3, ssse3, sse4.1, sse4.2, popcnt, aes, clmul, ht, tsc, tscinvbit

Memory: 4k page, physical 6071172k(1025052k free), swap 10265476k(5780k free)

vm_info: Java HotSpot(TM) 64-Bit Server VM (25.161-b12) for windows-amd64 JRE (1.8.0_161-b12), built on Dec 19 2017 17:52:25 by "java_re" with MS VC++ 10.0 (VS2010)

time: Mon Jul 30 16:48:29 2018
elapsed time: 3 seconds (0d 0h 0m 3s)

