#
# There is insufficient memory for the Java Runtime Environment to continue.
# Native memory allocation (malloc) failed to allocate 32744 bytes for ChunkPool::allocate
# Possible reasons:
#   The system is out of physical RAM or swap space
#   In 32 bit mode, the process size limit was hit
# Possible solutions:
#   Reduce memory load on the system
#   Increase physical memory or swap space
#   Check if swap backing store is full
#   Use 64 bit Java on a 64 bit OS
#   Decrease Java heap size (-Xmx/-Xms)
#   Decrease number of Java threads
#   Decrease Java thread stack sizes (-Xss)
#   Set larger code cache with -XX:ReservedCodeCacheSize=
# This output file may be truncated or incomplete.
#
#  Out of Memory Error (allocation.cpp:273), pid=3484, tid=0x000000000000015c
#
# JRE version: Java(TM) SE Runtime Environment (8.0_161-b12) (build 1.8.0_161-b12)
# Java VM: Java HotSpot(TM) 64-Bit Server VM (25.161-b12 mixed mode windows-amd64 compressed oops)
# Failed to write core dump. Minidumps are not enabled by default on client versions of Windows
#

---------------  T H R E A D  ---------------

Current thread (0x00000000149e7800):  JavaThread "C2 CompilerThread1" daemon [_thread_in_native, id=348, stack(0x0000000016140000,0x0000000016240000)]

Stack: [0x0000000016140000,0x0000000016240000]
[error occurred during error reporting (printing stack bounds), id 0xc0000005]

Native frames: (J=compiled Java code, j=interpreted, Vv=VM code, C=native code)


Current CompileTask:
C2:   8158 1964   !   4       com.android.dx.cf.code.Ropper::processBlock (1101 bytes)


---------------  P R O C E S S  ---------------

Java Threads: ( => current thread )
  0x000000001634f000 JavaThread "Service Thread" daemon [_thread_blocked, id=5288, stack(0x0000000016740000,0x0000000016840000)]
  0x0000000014a3c800 JavaThread "C1 CompilerThread2" daemon [_thread_blocked, id=9612, stack(0x0000000016240000,0x0000000016340000)]
=>0x00000000149e7800 JavaThread "C2 CompilerThread1" daemon [_thread_in_native, id=348, stack(0x0000000016140000,0x0000000016240000)]
  0x00000000149e5000 JavaThread "C2 CompilerThread0" daemon [_thread_in_native, id=9348, stack(0x0000000016040000,0x0000000016140000)]
  0x00000000149e2000 JavaThread "Attach Listener" daemon [_thread_blocked, id=4312, stack(0x0000000015f40000,0x0000000016040000)]
  0x00000000149e0800 JavaThread "Signal Dispatcher" daemon [_thread_blocked, id=2124, stack(0x0000000015e40000,0x0000000015f40000)]
  0x0000000002306800 JavaThread "Finalizer" daemon [_thread_blocked, id=9888, stack(0x0000000015c50000,0x0000000015d50000)]
  0x0000000002301000 JavaThread "Reference Handler" daemon [_thread_blocked, id=4860, stack(0x0000000015b50000,0x0000000015c50000)]
  0x0000000002212800 JavaThread "main" [_thread_in_Java, id=9684, stack(0x00000000020b0000,0x00000000021b0000)]

Other Threads:
  0x00000000149a8000 VMThread [stack: 0x0000000015a50000,0x0000000015b50000] [id=4548]
  0x0000000016347800 WatcherThread [stack: 0x0000000016840000,0x0000000016940000] [id=4324]

VM state:not at safepoint (normal execution)

VM Mutex/Monitor currently owned by a thread: None

Heap:
 PSYoungGen      total 212992K, used 147850K [0x00000000eab00000, 0x00000000f9700000, 0x0000000100000000)
  eden space 193536K, 66% used [0x00000000eab00000,0x00000000f2976850,0x00000000f6800000)
  from space 19456K, 94% used [0x00000000f7e00000,0x00000000f8fec358,0x00000000f9100000)
  to   space 22528K, 0% used [0x00000000f6800000,0x00000000f6800000,0x00000000f7e00000)
 ParOldGen       total 64512K, used 35299K [0x00000000c0000000, 0x00000000c3f00000, 0x00000000eab00000)
  object space 64512K, 54% used [0x00000000c0000000,0x00000000c2278cd8,0x00000000c3f00000)
 Metaspace       used 6759K, capacity 7352K, committed 7680K, reserved 1056768K
  class space    used 645K, capacity 688K, committed 768K, reserved 1048576K

Card table byte_map: [0x00000000116d0000,0x00000000118e0000] byte_map_base: 0x00000000110d0000

Marking Bits: (ParMarkBitMap*) 0x000000005250f860
 Begin Bits: [0x0000000011e40000, 0x0000000012e40000)
 End Bits:   [0x0000000012e40000, 0x0000000013e40000)

Polling page: 0x00000000008b0000

CodeCache: size=245760Kb used=8760Kb max_used=8760Kb free=236999Kb
 bounds [0x0000000002310000, 0x0000000002bb0000, 0x0000000011310000]
 total_blobs=2330 nmethods=2061 adapters=182
 compilation: enabled

Compilation events (10 events):
Event: 8.035 Thread 0x0000000014a3c800 2156       2       java.util.HashMap$KeySet::iterator (12 bytes)
Event: 8.036 Thread 0x0000000014a3c800 nmethod 2156 0x0000000002b9f450 code [0x0000000002b9f5c0, 0x0000000002b9f7a8]
Event: 8.036 Thread 0x0000000014a3c800 2158       2       com.android.dx.dex.file.DebugInfoItem::<init> (36 bytes)
Event: 8.036 Thread 0x0000000014a3c800 nmethod 2158 0x0000000002b9f850 code [0x0000000002b9f9c0, 0x0000000002b9fc38]
Event: 8.042 Thread 0x0000000014a3c800 2159       3       com.android.dx.dex.code.OutputFinisher::getAllConstants (47 bytes)
Event: 8.043 Thread 0x0000000014a3c800 nmethod 2159 0x0000000002b9fd50 code [0x0000000002b9ff80, 0x0000000002ba0888]
Event: 8.092 Thread 0x0000000014a3c800 2160 %     3       com.android.dx.dex.code.StdCatchBuilder::hasAnyCatches @ 15 (57 bytes)
Event: 8.093 Thread 0x0000000014a3c800 nmethod 2160% 0x0000000002ba0d50 code [0x0000000002ba0f40, 0x0000000002ba1cb8]
Event: 8.093 Thread 0x0000000014a3c800 2161       3       com.android.dx.dex.code.StdCatchBuilder::hasAnyCatches (57 bytes)
Event: 8.094 Thread 0x0000000014a3c800 nmethod 2161 0x0000000002ba2250 code [0x0000000002ba2440, 0x0000000002ba3178]

GC Heap History (10 events):
Event: 3.144 GC heap before
{Heap before GC invocations=2 (full 0):
 PSYoungGen      total 28160K, used 28149K [0x00000000eab00000, 0x00000000ee200000, 0x0000000100000000)
  eden space 24576K, 100% used [0x00000000eab00000,0x00000000ec300000,0x00000000ec300000)
  from space 3584K, 99% used [0x00000000ec300000,0x00000000ec67d4e8,0x00000000ec680000)
  to   space 3584K, 0% used [0x00000000ede80000,0x00000000ede80000,0x00000000ee200000)
 ParOldGen       total 64512K, used 2209K [0x00000000c0000000, 0x00000000c3f00000, 0x00000000eab00000)
  object space 64512K, 3% used [0x00000000c0000000,0x00000000c0228780,0x00000000c3f00000)
 Metaspace       used 6209K, capacity 7064K, committed 7424K, reserved 1056768K
  class space    used 619K, capacity 656K, committed 768K, reserved 1048576K
Event: 3.157 GC heap after
Heap after GC invocations=2 (full 0):
 PSYoungGen      total 52736K, used 3581K [0x00000000eab00000, 0x00000000ee200000, 0x0000000100000000)
  eden space 49152K, 0% used [0x00000000eab00000,0x00000000eab00000,0x00000000edb00000)
  from space 3584K, 99% used [0x00000000ede80000,0x00000000ee1ff7a0,0x00000000ee200000)
  to   space 3584K, 0% used [0x00000000edb00000,0x00000000edb00000,0x00000000ede80000)
 ParOldGen       total 64512K, used 5222K [0x00000000c0000000, 0x00000000c3f00000, 0x00000000eab00000)
  object space 64512K, 8% used [0x00000000c0000000,0x00000000c0519898,0x00000000c3f00000)
 Metaspace       used 6209K, capacity 7064K, committed 7424K, reserved 1056768K
  class space    used 619K, capacity 656K, committed 768K, reserved 1048576K
}
Event: 4.177 GC heap before
{Heap before GC invocations=3 (full 0):
 PSYoungGen      total 52736K, used 52733K [0x00000000eab00000, 0x00000000ee200000, 0x0000000100000000)
  eden space 49152K, 100% used [0x00000000eab00000,0x00000000edb00000,0x00000000edb00000)
  from space 3584K, 99% used [0x00000000ede80000,0x00000000ee1ff7a0,0x00000000ee200000)
  to   space 3584K, 0% used [0x00000000edb00000,0x00000000edb00000,0x00000000ede80000)
 ParOldGen       total 64512K, used 5222K [0x00000000c0000000, 0x00000000c3f00000, 0x00000000eab00000)
  object space 64512K, 8% used [0x00000000c0000000,0x00000000c0519898,0x00000000c3f00000)
 Metaspace       used 6473K, capacity 7192K, committed 7424K, reserved 1056768K
  class space    used 638K, capacity 656K, committed 768K, reserved 1048576K
Event: 4.220 GC heap after
Heap after GC invocations=3 (full 0):
 PSYoungGen      total 52736K, used 3570K [0x00000000eab00000, 0x00000000f1200000, 0x0000000100000000)
  eden space 49152K, 0% used [0x00000000eab00000,0x00000000eab00000,0x00000000edb00000)
  from space 3584K, 99% used [0x00000000edb00000,0x00000000ede7c848,0x00000000ede80000)
  to   space 3584K, 0% used [0x00000000f0e80000,0x00000000f0e80000,0x00000000f1200000)
 ParOldGen       total 64512K, used 12575K [0x00000000c0000000, 0x00000000c3f00000, 0x00000000eab00000)
  object space 64512K, 19% used [0x00000000c0000000,0x00000000c0c47e08,0x00000000c3f00000)
 Metaspace       used 6473K, capacity 7192K, committed 7424K, reserved 1056768K
  class space    used 638K, capacity 656K, committed 768K, reserved 1048576K
}
Event: 4.703 GC heap before
{Heap before GC invocations=4 (full 0):
 PSYoungGen      total 52736K, used 52722K [0x00000000eab00000, 0x00000000f1200000, 0x0000000100000000)
  eden space 49152K, 100% used [0x00000000eab00000,0x00000000edb00000,0x00000000edb00000)
  from space 3584K, 99% used [0x00000000edb00000,0x00000000ede7c848,0x00000000ede80000)
  to   space 3584K, 0% used [0x00000000f0e80000,0x00000000f0e80000,0x00000000f1200000)
 ParOldGen       total 64512K, used 12575K [0x00000000c0000000, 0x00000000c3f00000, 0x00000000eab00000)
  object space 64512K, 19% used [0x00000000c0000000,0x00000000c0c47e08,0x00000000c3f00000)
 Metaspace       used 6507K, capacity 7192K, committed 7424K, reserved 1056768K
  class space    used 639K, capacity 656K, committed 768K, reserved 1048576K
Event: 4.744 GC heap after
Heap after GC invocations=4 (full 0):
 PSYoungGen      total 101888K, used 3561K [0x00000000eab00000, 0x00000000f1200000, 0x0000000100000000)
  eden space 98304K, 0% used [0x00000000eab00000,0x00000000eab00000,0x00000000f0b00000)
  from space 3584K, 99% used [0x00000000f0e80000,0x00000000f11fa7a8,0x00000000f1200000)
  to   space 3584K, 0% used [0x00000000f0b00000,0x00000000f0b00000,0x00000000f0e80000)
 ParOldGen       total 64512K, used 19559K [0x00000000c0000000, 0x00000000c3f00000, 0x00000000eab00000)
  object space 64512K, 30% used [0x00000000c0000000,0x00000000c1319dc0,0x00000000c3f00000)
 Metaspace       used 6507K, capacity 7192K, committed 7424K, reserved 1056768K
  class space    used 639K, capacity 656K, committed 768K, reserved 1048576K
}
Event: 5.733 GC heap before
{Heap before GC invocations=5 (full 0):
 PSYoungGen      total 101888K, used 101865K [0x00000000eab00000, 0x00000000f1200000, 0x0000000100000000)
  eden space 98304K, 100% used [0x00000000eab00000,0x00000000f0b00000,0x00000000f0b00000)
  from space 3584K, 99% used [0x00000000f0e80000,0x00000000f11fa7a8,0x00000000f1200000)
  to   space 3584K, 0% used [0x00000000f0b00000,0x00000000f0b00000,0x00000000f0e80000)
 ParOldGen       total 64512K, used 19559K [0x00000000c0000000, 0x00000000c3f00000, 0x00000000eab00000)
  object space 64512K, 30% used [0x00000000c0000000,0x00000000c1319dc0,0x00000000c3f00000)
 Metaspace       used 6600K, capacity 7256K, committed 7424K, reserved 1056768K
  class space    used 639K, capacity 656K, committed 768K, reserved 1048576K
Event: 5.813 GC heap after
Heap after GC invocations=5 (full 0):
 PSYoungGen      total 101888K, used 3558K [0x00000000eab00000, 0x00000000f9100000, 0x0000000100000000)
  eden space 98304K, 0% used [0x00000000eab00000,0x00000000eab00000,0x00000000f0b00000)
  from space 3584K, 99% used [0x00000000f0b00000,0x00000000f0e798a8,0x00000000f0e80000)
  to   space 19456K, 0% used [0x00000000f7e00000,0x00000000f7e00000,0x00000000f9100000)
 ParOldGen       total 64512K, used 35299K [0x00000000c0000000, 0x00000000c3f00000, 0x00000000eab00000)
  object space 64512K, 54% used [0x00000000c0000000,0x00000000c2278cd8,0x00000000c3f00000)
 Metaspace       used 6600K, capacity 7256K, committed 7424K, reserved 1056768K
  class space    used 639K, capacity 656K, committed 768K, reserved 1048576K
}
Event: 6.698 GC heap before
{Heap before GC invocations=6 (full 0):
 PSYoungGen      total 101888K, used 101862K [0x00000000eab00000, 0x00000000f9100000, 0x0000000100000000)
  eden space 98304K, 100% used [0x00000000eab00000,0x00000000f0b00000,0x00000000f0b00000)
  from space 3584K, 99% used [0x00000000f0b00000,0x00000000f0e798a8,0x00000000f0e80000)
  to   space 19456K, 0% used [0x00000000f7e00000,0x00000000f7e00000,0x00000000f9100000)
 ParOldGen       total 64512K, used 35299K [0x00000000c0000000, 0x00000000c3f00000, 0x00000000eab00000)
  object space 64512K, 54% used [0x00000000c0000000,0x00000000c2278cd8,0x00000000c3f00000)
 Metaspace       used 6624K, capacity 7256K, committed 7424K, reserved 1056768K
  class space    used 639K, capacity 656K, committed 768K, reserved 1048576K
Event: 6.805 GC heap after
Heap after GC invocations=6 (full 0):
 PSYoungGen      total 212992K, used 18352K [0x00000000eab00000, 0x00000000f9700000, 0x0000000100000000)
  eden space 193536K, 0% used [0x00000000eab00000,0x00000000eab00000,0x00000000f6800000)
  from space 19456K, 94% used [0x00000000f7e00000,0x00000000f8fec358,0x00000000f9100000)
  to   space 22528K, 0% used [0x00000000f6800000,0x00000000f6800000,0x00000000f7e00000)
 ParOldGen       total 64512K, used 35299K [0x00000000c0000000, 0x00000000c3f00000, 0x00000000eab00000)
  object space 64512K, 54% used [0x00000000c0000000,0x00000000c2278cd8,0x00000000c3f00000)
 Metaspace       used 6624K, capacity 7256K, committed 7424K, reserved 1056768K
  class space    used 639K, capacity 656K, committed 768K, reserved 1048576K
}

Deoptimization events (10 events):
Event: 5.291 Thread 0x00000000165d7800 Uncommon trap: reason=unstable_if action=reinterpret pc=0x00000000028f7d98 method=java.util.HashMap.getNode(ILjava/lang/Object;)Ljava/util/HashMap$Node; @ 84
Event: 6.001 Thread 0x00000000165cd000 Uncommon trap: reason=bimorphic action=maybe_recompile pc=0x0000000002ab5174 method=com.android.dx.rop.code.RegisterSpec.getFrameType()Lcom/android/dx/rop/type/TypeBearer; @ 4
Event: 6.234 Thread 0x00000000165d7800 Uncommon trap: reason=unstable_if action=reinterpret pc=0x0000000002ae5c54 method=java.util.HashMap.putVal(ILjava/lang/Object;Ljava/lang/Object;ZZ)Ljava/lang/Object; @ 109
Event: 7.555 Thread 0x00000000165d6800 Uncommon trap: reason=unstable_if action=reinterpret pc=0x0000000002b3e680 method=com.android.dx.ssa.SCCP.simulateBranch(Lcom/android/dx/ssa/SsaInsn;)V @ 334
Event: 7.556 Thread 0x00000000165d6800 Uncommon trap: reason=unstable_if action=reinterpret pc=0x0000000002a22b10 method=com.android.dx.ssa.SCCP.simulateStmt(Lcom/android/dx/ssa/SsaInsn;)V @ 435
Event: 7.898 Thread 0x0000000002212800 Uncommon trap: reason=class_check action=maybe_recompile pc=0x00000000027945d8 method=java.util.Arrays.hashCode([Ljava/lang/Object;)I @ 43
Event: 7.898 Thread 0x0000000002212800 Uncommon trap: reason=class_check action=maybe_recompile pc=0x00000000027945d8 method=java.util.Arrays.hashCode([Ljava/lang/Object;)I @ 43
Event: 7.899 Thread 0x0000000002212800 Uncommon trap: reason=class_check action=maybe_recompile pc=0x00000000027945d8 method=java.util.Arrays.hashCode([Ljava/lang/Object;)I @ 43
Event: 7.899 Thread 0x0000000002212800 Uncommon trap: reason=class_check action=maybe_recompile pc=0x00000000027945d8 method=java.util.Arrays.hashCode([Ljava/lang/Object;)I @ 43
Event: 7.899 Thread 0x0000000002212800 Uncommon trap: reason=class_check action=maybe_recompile pc=0x0000000002794bbc method=java.util.Arrays.hashCode([Ljava/lang/Object;)I @ 43

Classes redefined (0 events):
No events

Internal exceptions (8 events):
Event: 0.106 Thread 0x0000000002212800 Exception <a 'java/lang/NoSuchMethodError': Method sun.misc.Unsafe.defineClass(Ljava/lang/String;[BII)Ljava/lang/Class; name or signature does not match> (0x00000000eab07ca0) thrown at [C:\re\workspace\8-2-build-windows-amd64-cygwin\jdk8u161\10277\hotspot
Event: 0.107 Thread 0x0000000002212800 Exception <a 'java/lang/NoSuchMethodError': Method sun.misc.Unsafe.prefetchRead(Ljava/lang/Object;J)V name or signature does not match> (0x00000000eab07f88) thrown at [C:\re\workspace\8-2-build-windows-amd64-cygwin\jdk8u161\10277\hotspot\src\share\vm\prim
Event: 3.694 Thread 0x00000000165cd000 Exception <a 'java/lang/ArrayIndexOutOfBoundsException': 18> (0x00000000ec2cfa18) thrown at [C:\re\workspace\8-2-build-windows-amd64-cygwin\jdk8u161\10277\hotspot\src\share\vm\interpreter\interpreterRuntime.cpp, line 366]
Event: 3.695 Thread 0x00000000165cd000 Exception <a 'java/lang/ArrayIndexOutOfBoundsException'> (0x00000000ec2d1598) thrown at [C:\re\workspace\8-2-build-windows-amd64-cygwin\jdk8u161\10277\hotspot\src\share\vm\runtime\sharedRuntime.cpp, line 605]
Event: 3.697 Thread 0x00000000165cd000 Exception <a 'java/lang/ArrayIndexOutOfBoundsException'> (0x00000000ec2d2880) thrown at [C:\re\workspace\8-2-build-windows-amd64-cygwin\jdk8u161\10277\hotspot\src\share\vm\runtime\sharedRuntime.cpp, line 605]
Event: 4.296 Thread 0x00000000165cd000 Implicit null exception at 0x00000000029a76d6 to 0x00000000029aa1d5
Event: 4.297 Thread 0x0000000002212800 Implicit null exception at 0x000000000296d71d to 0x000000000296f37d
Event: 4.940 Thread 0x00000000165cd000 Implicit null exception at 0x00000000029221ff to 0x00000000029234f1

Events (10 events):
Event: 7.899 Thread 0x0000000002212800 DEOPT PACKING pc=0x0000000002794bbc sp=0x00000000021aea10
Event: 7.899 Thread 0x0000000002212800 DEOPT UNPACKING pc=0x000000000235583b sp=0x00000000021ae998 mode 2
Event: 7.899 loading class com/android/dx/rop/cst/Zeroes
Event: 7.899 loading class com/android/dx/rop/cst/Zeroes done
Event: 8.013 loading class com/android/dx/dex/file/CatchStructs
Event: 8.013 loading class com/android/dx/dex/file/CatchStructs done
Event: 8.042 Thread 0x0000000002212800 DEOPT PACKING pc=0x0000000002b98a57 sp=0x00000000021aee80
Event: 8.042 Thread 0x0000000002212800 DEOPT UNPACKING pc=0x0000000002357490 sp=0x00000000021aec00 mode 0
Event: 8.093 Thread 0x0000000002212800 DEOPT PACKING pc=0x0000000002b99484 sp=0x00000000021aeea0
Event: 8.093 Thread 0x0000000002212800 DEOPT UNPACKING pc=0x0000000002357490 sp=0x00000000021aebf0 mode 0


Dynamic libraries:
0x00007ff664b70000 - 0x00007ff664ba7000 	C:\Program Files\Java\jdk1.8.0_161\bin\java.exe
0x00007ffe75a70000 - 0x00007ffe75c41000 	C:\Windows\SYSTEM32\ntdll.dll
0x00007ffe74ce0000 - 0x00007ffe74d8b000 	C:\Windows\System32\KERNEL32.DLL
0x00007ffe72de0000 - 0x00007ffe72ffd000 	C:\Windows\System32\KERNELBASE.dll
0x00007ffe759c0000 - 0x00007ffe75a62000 	C:\Windows\System32\ADVAPI32.dll
0x00007ffe74e40000 - 0x00007ffe74ede000 	C:\Windows\System32\msvcrt.dll
0x00007ffe74a90000 - 0x00007ffe74ae9000 	C:\Windows\System32\sechost.dll
0x00007ffe74bb0000 - 0x00007ffe74cd1000 	C:\Windows\System32\RPCRT4.dll
0x00007ffe73070000 - 0x00007ffe731d5000 	C:\Windows\System32\USER32.dll
0x00007ffe72a90000 - 0x00007ffe72aae000 	C:\Windows\System32\win32u.dll
0x00007ffe731e0000 - 0x00007ffe73214000 	C:\Windows\System32\GDI32.dll
0x00007ffe728b0000 - 0x00007ffe72a32000 	C:\Windows\System32\gdi32full.dll
0x00007ffe63d50000 - 0x00007ffe63fc9000 	C:\Windows\WinSxS\amd64_microsoft.windows.common-controls_6595b64144ccf1df_6.0.14393.0_none_2d0f50fcbdb171b8\COMCTL32.dll
0x00007ffe747a0000 - 0x00007ffe74a67000 	C:\Windows\System32\combase.dll
0x00007ffe72000000 - 0x00007ffe720f5000 	C:\Windows\System32\ucrtbase.dll
0x00007ffe72160000 - 0x00007ffe721ca000 	C:\Windows\System32\bcryptPrimitives.dll
0x00007ffe75790000 - 0x00007ffe757be000 	C:\Windows\System32\IMM32.DLL
0x0000000052590000 - 0x0000000052662000 	C:\Program Files\Java\jdk1.8.0_161\jre\bin\msvcr100.dll
0x0000000051cf0000 - 0x000000005258f000 	C:\Program Files\Java\jdk1.8.0_161\jre\bin\server\jvm.dll
0x00007ffe75780000 - 0x00007ffe75788000 	C:\Windows\System32\PSAPI.DLL
0x00007ffe6fae0000 - 0x00007ffe6fae9000 	C:\Windows\SYSTEM32\WSOCK32.dll
0x00007ffe73000000 - 0x00007ffe7306a000 	C:\Windows\System32\WS2_32.dll
0x00007ffe702e0000 - 0x00007ffe70303000 	C:\Windows\SYSTEM32\WINMM.dll
0x00007ffe688c0000 - 0x00007ffe688ca000 	C:\Windows\SYSTEM32\VERSION.dll
0x00007ffe70280000 - 0x00007ffe702ab000 	C:\Windows\SYSTEM32\WINMMBASE.dll
0x00007ffe72a40000 - 0x00007ffe72a82000 	C:\Windows\System32\cfgmgr32.dll
0x0000000051ce0000 - 0x0000000051cef000 	C:\Program Files\Java\jdk1.8.0_161\jre\bin\verify.dll
0x0000000051cb0000 - 0x0000000051cd9000 	C:\Program Files\Java\jdk1.8.0_161\jre\bin\java.dll
0x0000000051c90000 - 0x0000000051ca6000 	C:\Program Files\Java\jdk1.8.0_161\jre\bin\zip.dll
0x00007ffe73220000 - 0x00007ffe74728000 	C:\Windows\System32\SHELL32.dll
0x00007ffe721d0000 - 0x00007ffe728aa000 	C:\Windows\System32\windows.storage.dll
0x00007ffe71f90000 - 0x00007ffe71fdc000 	C:\Windows\System32\powrprof.dll
0x00007ffe74ee0000 - 0x00007ffe74f32000 	C:\Windows\System32\shlwapi.dll
0x00007ffe71ff0000 - 0x00007ffe71fff000 	C:\Windows\System32\kernel.appcore.dll
0x00007ffe72d30000 - 0x00007ffe72dd9000 	C:\Windows\System32\shcore.dll
0x00007ffe71f70000 - 0x00007ffe71f84000 	C:\Windows\System32\profapi.dll

VM Arguments:
jvm_args: -Djava.awt.headless=true -Xmx1024M -Dfile.encoding=windows-1252 -Duser.country=US -Duser.language=en -Duser.variant 
java_command: com.android.dx.command.Main --dex --num-threads=4 --output C:\Users\Admin\Desktop\TGDD-Project\MyApp\android\app\build\intermediates\pre-dexed\debug\com.android.support-support-v4-23.0.1_1a8c17e5d1dc3941a1ff7f654be7a28b12527278.jar C:\Users\Admin\Desktop\TGDD-Project\MyApp\android\app\build\intermediates\exploded-aar\com.android.support\support-v4\23.0.1\jars\classes.jar
java_class_path (initial): C:\Users\Admin\AppData\Local\Android\Sdk\build-tools\23.0.1\lib\dx.jar
Launcher Type: SUN_STANDARD

Environment Variables:
JAVA_HOME=C:\Program Files\Java\jdk1.8.0_161
CLASSPATH=C:\Users\Admin\Desktop\TGDD-Project\MyApp\android\\gradle\wrapper\gradle-wrapper.jar
PATH=C:\Program Files (x86)\Common Files\Oracle\Java\javapath;C:\ProgramData\Oracle\Java\javapath;C:\Windows\system32;C:\Windows;C:\Windows\System32\Wbem;C:\Windows\System32\WindowsPowerShell\v1.0\;C:\Program Files\nodejs\;C:\Program Files\Git\cmd;C:\ProgramData\chocolatey\bin;C:\Program Files\Java\jdk1.8.0_172\bin;C:\Users\Admin\AppData\Local\Android\Sdk\platform-tools;C:\Program Files (x86)\Yarn\bin\;C:\Program Files\Microsoft VS Code\bin;C:\Users\Admin\AppData\Local\Microsoft\WindowsApps;;C:\Program Files\Microsoft VS Code\bin;C:\Users\Admin\AppData\Roaming\npm;C:\Users\Admin\AppData\Local\Yarn\bin
USERNAME=Admin
OS=Windows_NT
PROCESSOR_IDENTIFIER=Intel64 Family 6 Model 37 Stepping 5, GenuineIntel



---------------  S Y S T E M  ---------------

OS: Windows 10.0 , 64 bit Build 14393 (10.0.14393.0)

CPU:total 4 (initial active 4) (2 cores per cpu, 2 threads per core) family 6 model 37 stepping 5, cmov, cx8, fxsr, mmx, sse, sse2, sse3, ssse3, sse4.1, sse4.2, popcnt, aes, clmul, ht, tsc, tscinvbit

Memory: 4k page, physical 6071172k(318280k free), swap 10265476k(3392k free)

vm_info: Java HotSpot(TM) 64-Bit Server VM (25.161-b12) for windows-amd64 JRE (1.8.0_161-b12), built on Dec 19 2017 17:52:25 by "java_re" with MS VC++ 10.0 (VS2010)

time: Fri Aug 10 15:57:55 2018
elapsed time: 8 seconds (0d 0h 0m 8s)

